# JRE version: Java(TM) SE Runtime Environment (8.0_221-b11) (build 1.8.0_221-b11)
# Java VM: Java HotSpot(TM) 64-Bit Server VM (25.221-b11 mixed mode windows-amd64 compressed oops)
Heap:
 PSYoungGen      total 34816K, used 8917K [0x00000000d9a00000, 0x00000000dc080000, 0x0000000100000000)
  eden space 30208K, 22% used [0x00000000d9a00000,0x00000000da091730,0x00000000db780000)
  from space 4608K, 47% used [0x00000000dbc00000,0x00000000dbe23fd0,0x00000000dc080000)
  to   space 4608K, 0% used [0x00000000db780000,0x00000000db780000,0x00000000dbc00000)
 ParOldGen       total 54784K, used 5768K [0x000000008ce00000, 0x0000000090380000, 0x00000000d9a00000)
  object space 54784K, 10% used [0x000000008ce00000,0x000000008d3a21e0,0x0000000090380000)
 Metaspace       used 11663K, capacity 11832K, committed 12032K, reserved 1060864K
  class space    used 1629K, capacity 1678K, committed 1792K, reserved 1048576K
GC Heap History (10 events):
Event: 1.376 GC heap before
{Heap before GC invocations=1 (full 0):
 PSYoungGen      total 34816K, used 30208K [0x00000000d9a00000, 0x00000000dc080000, 0x0000000100000000)
  eden space 30208K, 100% used [0x00000000d9a00000,0x00000000db780000,0x00000000db780000)
  from space 4608K, 0% used [0x00000000dbc00000,0x00000000dbc00000,0x00000000dc080000)
  to   space 4608K, 0% used [0x00000000db780000,0x00000000db780000,0x00000000dbc00000)
 ParOldGen       total 79360K, used 0K [0x000000008ce00000, 0x0000000091b80000, 0x00000000d9a00000)
  object space 79360K, 0% used [0x000000008ce00000,0x000000008ce00000,0x0000000091b80000)
 Metaspace       used 2837K, capacity 4480K, committed 4480K, reserved 1056768K
  class space    used 289K, capacity 384K, committed 384K, reserved 1048576K
Event: 1.386 GC heap after
Heap after GC invocations=1 (full 0):
 PSYoungGen      total 34816K, used 3306K [0x00000000d9a00000, 0x00000000dc080000, 0x0000000100000000)
  eden space 30208K, 0% used [0x00000000d9a00000,0x00000000d9a00000,0x00000000db780000)
  from space 4608K, 71% used [0x00000000db780000,0x00000000dbaba9d8,0x00000000dbc00000)
  to   space 4608K, 0% used [0x00000000dbc00000,0x00000000dbc00000,0x00000000dc080000)
 ParOldGen       total 79360K, used 8K [0x000000008ce00000, 0x0000000091b80000, 0x00000000d9a00000)
  object space 79360K, 0% used [0x000000008ce00000,0x000000008ce02000,0x0000000091b80000)
 Metaspace       used 2837K, capacity 4480K, committed 4480K, reserved 1056768K
  class space    used 289K, capacity 384K, committed 384K, reserved 1048576K
}
Event: 3.060 GC heap before
{Heap before GC invocations=2 (full 0):
 PSYoungGen      total 34816K, used 33514K [0x00000000d9a00000, 0x00000000dc080000, 0x0000000100000000)
  eden space 30208K, 100% used [0x00000000d9a00000,0x00000000db780000,0x00000000db780000)
  from space 4608K, 71% used [0x00000000db780000,0x00000000dbaba9d8,0x00000000dbc00000)
  to   space 4608K, 0% used [0x00000000dbc00000,0x00000000dbc00000,0x00000000dc080000)
 ParOldGen       total 79360K, used 8K [0x000000008ce00000, 0x0000000091b80000, 0x00000000d9a00000)
  object space 79360K, 0% used [0x000000008ce00000,0x000000008ce02000,0x0000000091b80000)
 Metaspace       used 7537K, capacity 7626K, committed 7936K, reserved 1056768K
  class space    used 913K, capacity 945K, committed 1024K, reserved 1048576K
Event: 3.081 GC heap after
Heap after GC invocations=2 (full 0):
 PSYoungGen      total 34816K, used 4589K [0x00000000d9a00000, 0x00000000dc080000, 0x0000000100000000)
  eden space 30208K, 0% used [0x00000000d9a00000,0x00000000d9a00000,0x00000000db780000)
  from space 4608K, 99% used [0x00000000dbc00000,0x00000000dc07b7c0,0x00000000dc080000)
  to   space 4608K, 0% used [0x00000000db780000,0x00000000db780000,0x00000000dbc00000)
 ParOldGen       total 79360K, used 1925K [0x000000008ce00000, 0x0000000091b80000, 0x00000000d9a00000)
  object space 79360K, 2% used [0x000000008ce00000,0x000000008cfe14b8,0x0000000091b80000)
 Metaspace       used 7537K, capacity 7626K, committed 7936K, reserved 1056768K
  class space    used 913K, capacity 945K, committed 1024K, reserved 1048576K
}
Event: 3.828 GC heap before
{Heap before GC invocations=3 (full 0):
 PSYoungGen      total 34816K, used 15597K [0x00000000d9a00000, 0x00000000dc080000, 0x0000000100000000)
  eden space 30208K, 36% used [0x00000000d9a00000,0x00000000da4bfd68,0x00000000db780000)
  from space 4608K, 99% used [0x00000000dbc00000,0x00000000dc07b7c0,0x00000000dc080000)
  to   space 4608K, 0% used [0x00000000db780000,0x00000000db780000,0x00000000dbc00000)
 ParOldGen       total 79360K, used 1925K [0x000000008ce00000, 0x0000000091b80000, 0x00000000d9a00000)
  object space 79360K, 2% used [0x000000008ce00000,0x000000008cfe14b8,0x0000000091b80000)
 Metaspace       used 9426K, capacity 9504K, committed 9600K, reserved 1062912K
  class space    used 1319K, capacity 1370K, committed 1408K, reserved 1048576K
Event: 3.839 GC heap after
Heap after GC invocations=3 (full 0):
 PSYoungGen      total 34816K, used 4592K [0x00000000d9a00000, 0x00000000dc080000, 0x0000000100000000)
  eden space 30208K, 0% used [0x00000000d9a00000,0x00000000d9a00000,0x00000000db780000)
  from space 4608K, 99% used [0x00000000db780000,0x00000000dbbfc200,0x00000000dbc00000)
  to   space 4608K, 0% used [0x00000000dbc00000,0x00000000dbc00000,0x00000000dc080000)
 ParOldGen       total 79360K, used 3330K [0x000000008ce00000, 0x0000000091b80000, 0x00000000d9a00000)
  object space 79360K, 4% used [0x000000008ce00000,0x000000008d1409e8,0x0000000091b80000)
 Metaspace       used 9426K, capacity 9504K, committed 9600K, reserved 1062912K
  class space    used 1319K, capacity 1370K, committed 1408K, reserved 1048576K
}
Event: 3.839 GC heap before
{Heap before GC invocations=4 (full 1):
 PSYoungGen      total 34816K, used 4592K [0x00000000d9a00000, 0x00000000dc080000, 0x0000000100000000)
  eden space 30208K, 0% used [0x00000000d9a00000,0x00000000d9a00000,0x00000000db780000)
  from space 4608K, 99% used [0x00000000db780000,0x00000000dbbfc200,0x00000000dbc00000)
  to   space 4608K, 0% used [0x00000000dbc00000,0x00000000dbc00000,0x00000000dc080000)
 ParOldGen       total 79360K, used 3330K [0x000000008ce00000, 0x0000000091b80000, 0x00000000d9a00000)
  object space 79360K, 4% used [0x000000008ce00000,0x000000008d1409e8,0x0000000091b80000)
 Metaspace       used 9426K, capacity 9504K, committed 9600K, reserved 1062912K
  class space    used 1319K, capacity 1370K, committed 1408K, reserved 1048576K
Event: 3.888 GC heap after
Heap after GC invocations=4 (full 1):
 PSYoungGen      total 34816K, used 0K [0x00000000d9a00000, 0x00000000dc080000, 0x0000000100000000)
  eden space 30208K, 0% used [0x00000000d9a00000,0x00000000d9a00000,0x00000000db780000)
  from space 4608K, 0% used [0x00000000db780000,0x00000000db780000,0x00000000dbc00000)
  to   space 4608K, 0% used [0x00000000dbc00000,0x00000000dbc00000,0x00000000dc080000)
 ParOldGen       total 54784K, used 5760K [0x000000008ce00000, 0x0000000090380000, 0x00000000d9a00000)
  object space 54784K, 10% used [0x000000008ce00000,0x000000008d3a01e0,0x0000000090380000)
 Metaspace       used 9426K, capacity 9504K, committed 9600K, reserved 1060864K
  class space    used 1319K, capacity 1370K, committed 1408K, reserved 1048576K
}
Event: 6.771 GC heap before
{Heap before GC invocations=5 (full 1):
 PSYoungGen      total 34816K, used 30208K [0x00000000d9a00000, 0x00000000dc080000, 0x0000000100000000)
  eden space 30208K, 100% used [0x00000000d9a00000,0x00000000db780000,0x00000000db780000)
  from space 4608K, 0% used [0x00000000db780000,0x00000000db780000,0x00000000dbc00000)
  to   space 4608K, 0% used [0x00000000dbc00000,0x00000000dbc00000,0x00000000dc080000)
 ParOldGen       total 54784K, used 5760K [0x000000008ce00000, 0x0000000090380000, 0x00000000d9a00000)
  object space 54784K, 10% used [0x000000008ce00000,0x000000008d3a01e0,0x0000000090380000)
 Metaspace       used 11503K, capacity 11666K, committed 11904K, reserved 1060864K
  class space    used 1609K, capacity 1645K, committed 1664K, reserved 1048576K
Event: 6.777 GC heap after
Heap after GC invocations=5 (full 1):
 PSYoungGen      total 34816K, used 2191K [0x00000000d9a00000, 0x00000000dc080000, 0x0000000100000000)
  eden space 30208K, 0% used [0x00000000d9a00000,0x00000000d9a00000,0x00000000db780000)
  from space 4608K, 47% used [0x00000000dbc00000,0x00000000dbe23fd0,0x00000000dc080000)
  to   space 4608K, 0% used [0x00000000db780000,0x00000000db780000,0x00000000dbc00000)
 ParOldGen       total 54784K, used 5768K [0x000000008ce00000, 0x0000000090380000, 0x00000000d9a00000)
  object space 54784K, 10% used [0x000000008ce00000,0x000000008d3a21e0,0x0000000090380000)
 Metaspace       used 11503K, capacity 11666K, committed 11904K, reserved 1060864K
  class space    used 1609K, capacity 1645K, committed 1664K, reserved 1048576K
}

